1595781409802:getIndex({1,2,7,11,15})9
1595781462684:getIndex([
1595781675087:getIndex(9);
1595781740942:getInde
1595781751683:getIndex(8);
1595781884966:add 1 2
1595781892194:getindex 9
1595781900493:getIndex 9
1595782100597:getindex 9
1595782147337:index 2
1595782331127:index 1 2 7 11 15 9
1595782530735:indes 1 2 3 4 5 6
1595782548134:index 1 2 3 4 5 6
1595782706979:index 1 2 7 11 15 9
1595782970218:index 1 2 3 7 5 10
1595783004562:index 5 3 5 7 2 10
1595786984296:addTwoNumbers 1 10
1595787011859:add 1 2
1595803183630:add 1 2 3
1595804775698:add 123 2145
1595805526473:add 1245 12458
1595805562129:12345 5687
1595805570369:add 12458 325879
1595805680792:add 291982 2
1595806071345:add 12458 25
1595806190848:add 124573 58972
1595806200036:add 12 12
1595806349472:add 10 10
1595806358811:add 15 15
1595806726971:add 1245 3256
1595807535770:add 1245 2564
1595807574080:add 1235 45889
1597187634231:search 1 2 3 4 5 6
1597187849689:index 1 2 3, 2
1597187862567:index 1,2,3
1597187887125:index --nums 1, 2 3
1597187906528:index 1,2
1597187912039:index 1 2
1597188110545:index 1 2 3 4 5 2
1597188122667:index  1 2 3 4 5 4
1597188280392:search 1 4 8 9 10 8
1597188346941:search 1 2 5 8 45 5
1597188365672:searh 1 2 5 8 45 9
1597188382628:search 1 2 5 8 45 9
1597188457825:search 1 4 8 10 15 10
1597188484741:search 1 4 5 6 7 8 5
1597188495620:search 1 4 5 6 7 8
1597188511683:search 1 4 5 6 7 5
1597188523764:search 1 4 8 10 15 10
1597188838664:search 1 2 4 5 8 5
1597189145343:search 1 2 4 8 9 8
1597189194675:search 1 2 4 5 8 4
1597189251018:search 1 2 4 5 7 12 23 45 56 78 2
1597189736174:search 1 2 4 5 7 12 23 45 56 78 56
1597189754879:search 1 2 4 5 7 12 23 45 56 78 45
1597249294905:quickSort 8 10 9 15 5 3 7 1 45 23
1597249315656:quicksort
1597249322105:quick_sort
1597249376198:qs 8 10 9 15 5 3 7 45 56 1
1597249525995:qs 8 10 9 15 5 3 7 45 1 2
1597249678551:qs 8 10 9 15 5 3 45 12 7 1
1597249837667:qs 8 10 9 15 5 45 12 3 7 1
1597346063869:qs 8 3 4 15 6 9 10 16 5 1
1597348380737:qs 8 10 9 15 5 45 12 3 7 1
1597370947602:s 8 10 9 15 5 45 12 3 7 1 8 10 9 15 5 45 12 3 7 1
1597370959200:qs 8 10 9 15 5 45 12 3 7 1 8 10 9 15 5 45 12 3 7 1
1597371029927:qs 8 10 9 15 5 45 12 3 7 1 8 10 9 15 5 45 12 3 7 1 8 10 9 15 5 45 12 3 7 1 8 10 9 15 5 45 12 3 7 1 8 10 9 15 5 45 12 3 7 1
1597457704836:qs 8 10 9 15 5 45 12 3 7 1
1597457927936:high
1597457935260:qs 8 10 9 15 5 45 12 3 7 1
1597459906819:qs 8 10 9 15 5 45 12 3 7 18 10 9 15 5 45 12 3 7 1
1597459939962:qs 8 10 9 15 5 45 12 3 7 1
1597459963619:qs 8 10 9 15 5 45 12 3 7 1 8 10 9 15 5 45 12 3 7 1
1597460011938:qs 8 10 9 15 5 45 12 3 7 1 8 10 9 15 5 45 12 3 7 1 8 10 9 15 5 45 12 3 7 1 8 10 9 15 5 45 12 3 7 1 8 10 9 15 5 45 12 3 7 1
1597501716686:index 1 4 8 6 7 45
1597501727846:index 1 4 8 6 7 8
1597502029416:reverse 1 5 3
1597511584851:reverse 1 2 3
1597520113975:reverse 1 2 3 45 56
1597520784214:everse 1 2 3 45 56
1597520791154:reverse 1 2 3 45 56
1597521195039:reverseArray 1 5 4 7 8
1597521279318:reverse-array 1 5 4 8 6
1597522167234:reverse-array 12 4 8 5 3 1 4 2 9 4 12 4 8 5 3 1 4 2 9 4 12 4 8 5 3 1 4 2 9 4 12 4 8 5 3 1 4 2 9 4 12 4 8 5 3 1 4 2 9 4
1597522189044:reverse-list 12 4 8 5 3 1 4 2 9 4 12 4 8 5 3 1 4 2 9 4 12 4 8 5 3 1 4 2 9 4 12 4 8 5 3 1 4 2 9 4 12 4 8 5 3 1 4 2 9 4
1597522352466:reverse-array 12 4 8 5 3 1 4 2 9 4 12 4 8 5 3 1 4 2 9 4 12 4 8 5 3 1 4 2 9 4 12 4 8 5 3 1 4 2 9 4 12 4 8 5 3 1 4 2 9 4
1597522380232:qs 12 4 8 5 3 1 4 2 9 4 12 4 8 5 3 1 4 2 9 4 12 4 8 5 3 1 4 2 9 4 12 4 8 5 3 1 4 2 9 4 12 4 8 5 3 1 4 2 9 4
1597522408563:reverse-array 12 4 8 5 3 1 4 2 9 4 12 4 8 5 3 1 4 2 9 4 12 4 8 5 3 1 4 2 9 4 12 4 8 5 3 1 4 2 9 4 12 4 8 5 3 1 4 2 9 4
1597522421980:qs 12 4 8 5 3 1 4 2 9 4 12 4 8 5 3 1 4 2 9 4 12 4 8 5 3 1 4 2 9 4 12 4 8 5 3 1 4 2 9 4 12 4 8 5 3 1 4 2 9 4
1597522444853:reverse-array 12 4 8 5 3 1 4 2 9 4 12 4 8 5 3 1 4 2 9 4 12 4 8 5 3 1 4 2 9 4 12 4 8 5 3 1 4 2 9 4 12 4 8 5 3 1 4 2 9 4
1597522460027:qs 12 4 8 5 3 1 4 2 9 4 12 4 8 5 3 1 4 2 9 4 12 4 8 5 3 1 4 2 9 4 12 4 8 5 3 1 4 2 9 4 12 4 8 5 3 1 4 2 9 4
1598185541824:add-player(u
1598185553957:add-player kush 5
1598185573523:add-player poonam 2
1598185582209:top-players
1598185594933:add-player poonam 2
1598185601646:top-players
1598187092210:add-player kush 10
1598187100421:add-player poonam 2
1598187110601:add-player veda 1
1598187122453:top-player 10
1598187134954:top-players
1598187200035:add-player kush 10
1598187209039:add-player poonam 1
1598187215588:add-player veda 5
1598187219472:top-players
1600013614255:add_player kushdev 10
1600013627238:add-player kushdev 10
1600013637435:add-player poonam 5
1600013647638:add-player kushdev 5
1600013777337:add-player kushdev 10 15
1600013787743:add-player kushdev 10
1600013807542:add-player purnima 1
1600015545859:add-player kushdev 5
1600015934635:add-player Purnima 0
1600015959893:add-player veda 15
1600045317759:add-player kushdev 10
1600314207979:add-player poonam 4
1600314333325:add-player kushdev 10
1600314463687:add-player kushdev 100
1600314473180:add-player kushdev1 10
1600314625468:add-player kushdev 10
1600314643257:add-player Purnima 1
1600314653814:add-player veda 150
1600314708212:add-player Purnima2 1
1600314767788:add-player Purnima3 1
1600314777064:add-player Purnima6 158
1600315905425:add-player kushdev 10
1600315912061:add-player kushdev1 100
1600315920660:add-player purnima 5
1600315928753:add-player purnima 1
1600315937816:add-player veda 23
1600315946929:add-player testing 48
1600315967163:get-players 2
1600315978875:get-players
1600315985056:top-players
1600316060900:add-player kushdev 10
1600316068953:add-player kushde1 4
1600316077257:add-player purnima 410
1600316086807:add-player veda 1450
1600316093837:add-player test 89
1600316112919:top-players 5
1600316597406:add-player kush 10
1600316600993:add-player dev 485
1600316607027:add-player purnuima 596
1600316611428:add-player veda 56
1600316621360:add-player linfb 576
1600316626734:add-player singh 4893
1600316634820:top-players 5
1600316844478:add-player kush 10
1600316856645:top-players 100
1600316912949:add-player kush 10
1600317114178:top-players 10
